0	07:30:48.697	Compiling 'MACD Sample'
0	07:30:48.697	Compiling 'Moving Average'
0	07:30:54.972	Compiling 'Accelerator'
0	07:30:54.972	Compiling 'Accumulation'
0	07:30:54.973	Compiling 'Alligator'
0	07:30:54.973	Compiling 'ATR'
0	07:30:54.973	Compiling 'Awesome'
0	07:30:54.973	Compiling 'Bands'
0	07:30:54.973	Compiling 'Bears'
0	07:30:54.973	Compiling 'Bulls'
0	07:30:54.973	Compiling 'CCI'
0	07:30:54.973	Compiling 'Custom Moving Averages'
0	07:30:54.973	Compiling 'Heiken Ashi'
0	07:30:54.974	Compiling 'Ichimoku'
0	07:30:54.974	Compiling 'iExposure'
0	07:30:54.974	Compiling 'MACD'
0	07:30:54.974	Compiling 'Momentum'
0	07:30:54.974	Compiling 'OsMA'
0	07:30:54.974	Compiling 'Parabolic'
0	07:30:54.974	Compiling 'RSI'
0	07:30:54.974	Compiling 'Stochastic'
0	07:30:54.974	Compiling 'ZigZag'
0	07:30:54.975	Compiling 'SimplePanel'
0	07:31:04.807	Compiling 'PeriodConverter'
0	07:31:04.808	Compiling 'DLLSampleTester'
0	07:31:04.809	Compiling 'PipeClient'
0	07:31:04.809	Compiling 'PipeClientPure'
0	07:31:09.683	Compiling 'stdlib'
0	18:32:02.681	Expert BuyDataGenerator AUDUSD,H1: loaded successfully
0	18:32:05.021	BuyDataGenerator AUDUSD,H1 inputs: InpFileName=BuyData.csv; InpDirectoryName=Data; symbol=EURUSD; timeFrame=5; 
3	18:32:05.061	BuyDataGenerator AUDUSD,H1: cannot refresh history [4073]
0	18:32:05.061	BuyDataGenerator AUDUSD,H1: initialized
0	18:32:08.829	BuyDataGenerator AUDUSD,H1: Last Outcome: 1.0
3	18:32:40.502	BuyDataGenerator AUDUSD,H1: shutdown by timeout
1	18:32:40.508	BuyDataGenerator AUDUSD,H1: array out of range in 'BuyDataGenerator.mq4' (125,63)
0	18:32:40.512	BuyDataGenerator AUDUSD,H1: uninit reason 1
0	18:32:40.516	Expert BuyDataGenerator AUDUSD,H1: removed
