0	10:56:29.833	Expert BuyDataGenerator AUDUSD,H1: loaded successfully
0	10:56:31.667	BuyDataGenerator AUDUSD,H1 inputs: InpFileName=BuyData.csv; InpDirectoryName=Data; symbol=EURUSD; timeFrame=5; 
0	10:56:31.712	BuyDataGenerator AUDUSD,H1: initialized
0	10:57:16.819	BuyDataGenerator AUDUSD,H1: uninit reason 4
0	10:57:16.822	BuyDataGenerator AUDUSD,H1: BuyData.csv file is available for writing
0	10:57:16.822	BuyDataGenerator AUDUSD,H1: Data is written, BuyData.csv file is closed
0	10:57:16.871	Expert BuyDataGenerator AUDUSD,H1: removed
0	10:57:18.911	Expert BuyDataGenerator AUDUSD,H1: loaded successfully
0	10:57:20.391	BuyDataGenerator AUDUSD,H1 inputs: InpFileName=BuyData.csv; InpDirectoryName=Data; symbol=EURUSD; timeFrame=5; 
0	10:57:20.435	BuyDataGenerator AUDUSD,H1: initialized
0	10:58:26.845	BuyDataGenerator AUDUSD,H1: uninit reason 4
0	10:58:26.847	BuyDataGenerator AUDUSD,H1: BuyData.csv file is available for writing
0	10:58:26.847	BuyDataGenerator AUDUSD,H1: Data is written, BuyData.csv file is closed
0	10:58:26.945	Expert BuyDataGenerator AUDUSD,H1: removed
0	17:28:52.493	Expert Agent AUDUSD,H1: loaded successfully
0	17:28:54.076	Agent AUDUSD,H1 inputs: InpFileName=dataVehicle.csv; InpDirectoryName=DataVehicle; symbol=EURUSD; timeFrame=5; 
0	17:28:54.252	Agent AUDUSD,H1: initialized
0	17:29:07.768	Agent AUDUSD,H1: uninit reason 4
0	17:29:07.835	Expert Agent AUDUSD,H1: removed
0	17:55:23.581	Expert Agent AUDUSD,H1: loaded successfully
0	17:55:24.750	Agent AUDUSD,H1 inputs: InpFileName=dataVehicle.csv; InpDirectoryName=DataVehicle; symbol=EURUSD; timeFrame=5; 
0	17:55:24.788	Agent AUDUSD,H1: initialized
0	17:56:47.859	Agent AUDUSD,H1: uninit reason 4
1	17:56:47.861	Agent AUDUSD,H1: Abnormal termination
0	17:56:47.920	Expert Agent AUDUSD,H1: removed
0	17:56:52.875	Expert Agent AUDUSD,H1: loaded successfully
0	17:56:53.807	Agent AUDUSD,H1 inputs: InpFileName=dataVehicle.csv; InpDirectoryName=DataVehicle; symbol=EURUSD; timeFrame=5; 
0	17:56:53.863	Agent AUDUSD,H1: initialized
0	17:57:01.458	Agent AUDUSD,H1: uninit reason 4
1	17:57:01.460	Agent AUDUSD,H1: Abnormal termination
0	17:57:01.510	Expert Agent AUDUSD,H1: removed
0	17:58:46.125	Expert Agent AUDUSD,H1: loaded successfully
0	17:58:47.131	Agent AUDUSD,H1 inputs: InpFileName=dataVehicle.csv; InpDirectoryName=DataVehicle; symbol=EURUSD; timeFrame=5; 
0	17:58:47.170	Agent AUDUSD,H1: initialized
0	18:00:04.284	Agent AUDUSD,H1: uninit reason 4
0	18:00:04.336	Expert Agent AUDUSD,H1: removed
0	18:00:08.302	Expert Agent AUDUSD,H1: loaded successfully
0	18:00:09.426	Agent AUDUSD,H1 inputs: InpFileName=dataVehicle.csv; InpDirectoryName=DataVehicle; symbol=EURUSD; timeFrame=5; 
0	18:00:09.461	Agent AUDUSD,H1: initialized
0	18:00:16.874	Agent AUDUSD,H1: uninit reason 4
1	18:00:16.876	Agent AUDUSD,H1: Abnormal termination
0	18:00:16.940	Expert Agent AUDUSD,H1: removed
0	18:01:51.981	Expert Agent AUDUSD,H1: loaded successfully
0	18:01:52.952	Agent AUDUSD,H1 inputs: InpFileName=dataVehicle.csv; InpDirectoryName=DataVehicle; symbol=EURUSD; timeFrame=5; 
0	18:01:53.013	Agent AUDUSD,H1: initialized
0	18:02:45.942	Agent AUDUSD,H1: uninit reason 4
1	18:02:46.042	Agent AUDUSD,H1: Abnormal termination
0	18:02:46.049	Expert Agent AUDUSD,H1: removed
0	18:02:51.483	Expert Agent AUDUSD,H1: loaded successfully
0	18:02:52.409	Agent AUDUSD,H1 inputs: InpFileName=dataVehicle.csv; InpDirectoryName=DataVehicle; symbol=EURUSD; timeFrame=5; 
0	18:02:52.468	Agent AUDUSD,H1: initialized
0	18:04:17.544	Agent AUDUSD,H1: uninit reason 4
0	18:04:17.605	Expert Agent AUDUSD,H1: removed
0	18:04:18.702	Expert Agent AUDUSD,H1: loaded successfully
0	18:04:19.655	Agent AUDUSD,H1 inputs: InpFileName=dataVehicle.csv; InpDirectoryName=DataVehicle; symbol=EURUSD; timeFrame=5; 
0	18:04:19.704	Agent AUDUSD,H1: initialized
0	18:05:05.599	Agent AUDUSD,H1: uninit reason 4
0	18:05:05.693	Expert Agent AUDUSD,H1: removed
0	18:05:07.281	Expert Agent AUDUSD,H1: loaded successfully
0	18:05:08.135	Agent AUDUSD,H1 inputs: InpFileName=dataVehicle.csv; InpDirectoryName=DataVehicle; symbol=EURUSD; timeFrame=5; 
0	18:05:08.292	Agent AUDUSD,H1: initialized
0	18:06:32.583	Agent AUDUSD,H1: uninit reason 4
0	18:06:32.650	Expert Agent AUDUSD,H1: removed
0	18:06:45.292	Expert Agent AUDUSD,H1: loaded successfully
0	18:06:46.208	Agent AUDUSD,H1 inputs: InpFileName=dataVehicle.csv; InpDirectoryName=DataVehicle; symbol=EURUSD; timeFrame=5; 
0	18:06:46.258	Agent AUDUSD,H1: initialized
0	18:10:29.529	Agent AUDUSD,H1: uninit reason 9
0	18:10:29.761	Expert Agent AUDUSD,H1: removed
0	18:11:03.798	Compiling 'Agent'
0	18:15:18.497	Expert Agent AUDUSD,H1: loaded successfully
0	18:15:19.335	Agent AUDUSD,H1 inputs: InpFileName=dataVehicle.csv; InpDirectoryName=DataVehicle; symbol=EURUSD; timeFrame=5; 
0	18:15:19.394	Agent AUDUSD,H1: initialized
0	18:15:44.734	Agent AUDUSD,H1: uninit reason 4
0	18:15:44.787	Expert Agent AUDUSD,H1: removed
0	18:17:01.448	Expert Agent AUDUSD,H1: loaded successfully
0	18:17:02.399	Agent AUDUSD,H1 inputs: InpFileName=dataVehicle.csv; InpDirectoryName=DataVehicle; symbol=EURUSD; timeFrame=5; 
0	18:17:02.443	Agent AUDUSD,H1: initialized
0	18:17:28.410	Agent AUDUSD,H1: uninit reason 4
0	18:17:28.480	Expert Agent AUDUSD,H1: removed
0	18:22:05.616	Expert Agent AUDUSD,H1: loaded successfully
0	18:22:06.506	Agent AUDUSD,H1 inputs: InpFileName=dataVehicle.csv; InpDirectoryName=DataVehicle; symbol=EURUSD; timeFrame=5; 
0	18:22:06.580	Agent AUDUSD,H1: initialized
0	18:22:30.868	Agent AUDUSD,H1: uninit reason 4
0	18:22:30.942	Expert Agent AUDUSD,H1: removed
0	18:22:34.870	Expert Agent AUDUSD,H1: loaded successfully
0	18:22:35.673	Agent AUDUSD,H1 inputs: InpFileName=dataVehicle.csv; InpDirectoryName=DataVehicle; symbol=EURUSD; timeFrame=5; 
0	18:22:35.732	Agent AUDUSD,H1: initialized
0	18:22:59.706	Agent AUDUSD,H1: uninit reason 4
0	18:22:59.765	Expert Agent AUDUSD,H1: removed
0	18:24:01.522	Expert Agent AUDUSD,H1: loaded successfully
0	18:24:02.611	Agent AUDUSD,H1 inputs: InpFileName=dataVehicle.csv; InpDirectoryName=DataVehicle; symbol=EURUSD; timeFrame=5; tInpFileName=BuyData.csv; tInpDirectoryName=Data; 
0	18:24:02.664	Agent AUDUSD,H1: initialized
0	18:24:26.610	Agent AUDUSD,H1: uninit reason 4
0	18:24:26.677	Expert Agent AUDUSD,H1: removed
0	18:26:40.667	Expert Agent AUDUSD,H1: loaded successfully
0	18:26:41.800	Agent AUDUSD,H1 inputs: InpFileName=dataVehicle.csv; InpDirectoryName=DataVehicle; symbol=EURUSD; timeFrame=5; tInpFileName=BuyData.csv; tInpDirectoryName=Data; 
0	18:26:41.848	Agent AUDUSD,H1: initialized
0	18:27:06.796	Agent AUDUSD,H1: uninit reason 4
0	18:27:06.865	Expert Agent AUDUSD,H1: removed
0	18:30:35.660	Expert Agent AUDUSD,H1: loaded successfully
0	18:30:36.946	Agent AUDUSD,H1 inputs: InpFileName=dataVehicle.csv; InpDirectoryName=DataVehicle; symbol=EURUSD; timeFrame=5; tInpFileName=BuyData.csv; tInpDirectoryName=Data; 
0	18:30:36.993	Agent AUDUSD,H1: initialized
0	18:30:41.291	Agent AUDUSD,H1: uninit reason 4
0	18:30:41.350	Expert Agent AUDUSD,H1: removed
